<?xml version="1.0" encoding="utf-8"?><testsuites name="pytest tests"><testsuite name="pytest" errors="0" failures="0" skipped="0" tests="11" time="1.884" timestamp="2026-03-02T15:01:50.277310+00:00" hostname="agent-env-3fecd8a1-d5e7-4bc8-9bc8-21edb5283dc3"><testcase classname="tests.test_api.TestHealthAndRoot" name="test_api_root" time="0.231" /><testcase classname="tests.test_api.TestBlogsAPI" name="test_get_blogs_default_english" time="0.121" /><testcase classname="tests.test_api.TestBlogsAPI" name="test_get_blogs_arabic_translation" time="0.118" /><testcase classname="tests.test_api.TestBlogsAPI" name="test_get_blogs_chinese_translation" time="0.161" /><testcase classname="tests.test_api.TestBlogsAPI" name="test_get_blogs_spanish_translation" time="0.127" /><testcase classname="tests.test_api.TestBlogsAPI" name="test_get_single_blog_english" time="0.221" /><testcase classname="tests.test_api.TestBlogsAPI" name="test_get_single_blog_chinese" time="0.249" /><testcase classname="tests.test_api.TestBlogsAPI" name="test_get_nonexistent_blog" time="0.210" /><testcase classname="tests.test_api.TestContactAPI" name="test_submit_contact_form_success" time="0.105" /><testcase classname="tests.test_api.TestContactAPI" name="test_submit_contact_form_with_optional_fields" time="0.151" /><testcase classname="tests.test_api.TestContactAPI" name="test_submit_contact_form_missing_required" time="0.157" /></testsuite></testsuites>